{"D:\\Kampus Merdeka\\Stechoq Software\\BackEnd\\Tugas Latihan\\procurement-inventory2\\app.js": {"path":"D:\\Kampus Merdeka\\Stechoq Software\\BackEnd\\Tugas Latihan\\procurement-inventory2\\app.js","statementMap":{"0":{"start":{"line":1,"column":0},"end":{"line":1,"column":27}},"1":{"start":{"line":2,"column":16},"end":{"line":2,"column":34}},"2":{"start":{"line":3,"column":13},"end":{"line":3,"column":28}},"3":{"start":{"line":4,"column":21},"end":{"line":4,"column":45}},"4":{"start":{"line":5,"column":15},"end":{"line":5,"column":32}},"5":{"start":{"line":6,"column":13},"end":{"line":6,"column":28}},"6":{"start":{"line":7,"column":19},"end":{"line":7,"column":41}},"7":{"start":{"line":11,"column":20},"end":{"line":11,"column":44}},"8":{"start":{"line":12,"column":20},"end":{"line":12,"column":45}},"9":{"start":{"line":13,"column":21},"end":{"line":13,"column":47}},"10":{"start":{"line":15,"column":12},"end":{"line":15,"column":21}},"11":{"start":{"line":17,"column":0},"end":{"line":17,"column":23}},"12":{"start":{"line":18,"column":0},"end":{"line":18,"column":24}},"13":{"start":{"line":19,"column":0},"end":{"line":19,"column":49}},"14":{"start":{"line":20,"column":0},"end":{"line":20,"column":24}},"15":{"start":{"line":21,"column":0},"end":{"line":21,"column":56}},"16":{"start":{"line":22,"column":0},"end":{"line":22,"column":16}},"17":{"start":{"line":23,"column":0},"end":{"line":23,"column":27}},"18":{"start":{"line":49,"column":0},"end":{"line":49,"column":26}},"19":{"start":{"line":50,"column":0},"end":{"line":50,"column":26}},"20":{"start":{"line":51,"column":0},"end":{"line":51,"column":27}},"21":{"start":{"line":53,"column":0},"end":{"line":53,"column":21}}},"fnMap":{},"branchMap":{},"s":{"0":2,"1":2,"2":2,"3":2,"4":2,"5":2,"6":2,"7":2,"8":2,"9":2,"10":2,"11":2,"12":2,"13":2,"14":2,"15":2,"16":2,"17":2,"18":2,"19":2,"20":2,"21":2},"f":{},"b":{},"_coverageSchema":"1a1c01bbd47fc00a2c39e90264f33305004495a9","hash":"847849eb30450e32b95997b4129abf8a64945923"}
,"D:\\Kampus Merdeka\\Stechoq Software\\BackEnd\\Tugas Latihan\\procurement-inventory2\\bin\\prisma.js": {"path":"D:\\Kampus Merdeka\\Stechoq Software\\BackEnd\\Tugas Latihan\\procurement-inventory2\\bin\\prisma.js","statementMap":{"0":{"start":{"line":1,"column":25},"end":{"line":1,"column":50}},"1":{"start":{"line":2,"column":15},"end":{"line":2,"column":33}},"2":{"start":{"line":4,"column":0},"end":{"line":4,"column":24}}},"fnMap":{},"branchMap":{},"s":{"0":2,"1":2,"2":2},"f":{},"b":{},"_coverageSchema":"1a1c01bbd47fc00a2c39e90264f33305004495a9","hash":"eec3f52cf24425ebddeee2cc655bb4d18acc2248"}
,"D:\\Kampus Merdeka\\Stechoq Software\\BackEnd\\Tugas Latihan\\procurement-inventory2\\controller\\AdminController.js": {"path":"D:\\Kampus Merdeka\\Stechoq Software\\BackEnd\\Tugas Latihan\\procurement-inventory2\\controller\\AdminController.js","statementMap":{"0":{"start":{"line":1,"column":15},"end":{"line":1,"column":39}},"1":{"start":{"line":2,"column":53},"end":{"line":2,"column":70}},"2":{"start":{"line":6,"column":4},"end":{"line":34,"column":5}},"3":{"start":{"line":13,"column":21},"end":{"line":18,"column":8}},"4":{"start":{"line":20,"column":6},"end":{"line":30,"column":7}},"5":{"start":{"line":21,"column":8},"end":{"line":24,"column":11}},"6":{"start":{"line":26,"column":8},"end":{"line":29,"column":11}},"7":{"start":{"line":32,"column":6},"end":{"line":32,"column":25}},"8":{"start":{"line":33,"column":6},"end":{"line":33,"column":41}},"9":{"start":{"line":38,"column":4},"end":{"line":104,"column":5}},"10":{"start":{"line":45,"column":50},"end":{"line":45,"column":58}},"11":{"start":{"line":46,"column":6},"end":{"line":51,"column":7}},"12":{"start":{"line":47,"column":8},"end":{"line":50,"column":11}},"13":{"start":{"line":53,"column":28},"end":{"line":58,"column":8}},"14":{"start":{"line":60,"column":25},"end":{"line":65,"column":8}},"15":{"start":{"line":67,"column":6},"end":{"line":72,"column":7}},"16":{"start":{"line":68,"column":8},"end":{"line":71,"column":11}},"17":{"start":{"line":74,"column":6},"end":{"line":79,"column":7}},"18":{"start":{"line":75,"column":8},"end":{"line":78,"column":11}},"19":{"start":{"line":81,"column":19},"end":{"line":81,"column":34}},"20":{"start":{"line":83,"column":21},"end":{"line":90,"column":8}},"21":{"start":{"line":91,"column":6},"end":{"line":91,"column":26}},"22":{"start":{"line":93,"column":6},"end":{"line":100,"column":9}},"23":{"start":{"line":102,"column":6},"end":{"line":102,"column":25}},"24":{"start":{"line":103,"column":6},"end":{"line":103,"column":76}},"25":{"start":{"line":108,"column":4},"end":{"line":181,"column":5}},"26":{"start":{"line":115,"column":50},"end":{"line":115,"column":58}},"27":{"start":{"line":116,"column":19},"end":{"line":116,"column":29}},"28":{"start":{"line":117,"column":6},"end":{"line":122,"column":7}},"29":{"start":{"line":118,"column":8},"end":{"line":121,"column":11}},"30":{"start":{"line":124,"column":6},"end":{"line":124,"column":24}},"31":{"start":{"line":126,"column":21},"end":{"line":130,"column":8}},"32":{"start":{"line":132,"column":6},"end":{"line":137,"column":7}},"33":{"start":{"line":133,"column":8},"end":{"line":136,"column":11}},"34":{"start":{"line":139,"column":28},"end":{"line":144,"column":8}},"35":{"start":{"line":146,"column":25},"end":{"line":151,"column":8}},"36":{"start":{"line":153,"column":6},"end":{"line":158,"column":7}},"37":{"start":{"line":154,"column":8},"end":{"line":157,"column":11}},"38":{"start":{"line":160,"column":19},"end":{"line":160,"column":34}},"39":{"start":{"line":161,"column":28},"end":{"line":171,"column":8}},"40":{"start":{"line":173,"column":6},"end":{"line":177,"column":9}},"41":{"start":{"line":179,"column":6},"end":{"line":179,"column":25}},"42":{"start":{"line":180,"column":6},"end":{"line":180,"column":34}},"43":{"start":{"line":185,"column":4},"end":{"line":224,"column":5}},"44":{"start":{"line":192,"column":19},"end":{"line":192,"column":29}},"45":{"start":{"line":193,"column":6},"end":{"line":193,"column":24}},"46":{"start":{"line":195,"column":21},"end":{"line":199,"column":8}},"47":{"start":{"line":201,"column":6},"end":{"line":206,"column":7}},"48":{"start":{"line":202,"column":8},"end":{"line":205,"column":11}},"49":{"start":{"line":208,"column":6},"end":{"line":215,"column":9}},"50":{"start":{"line":217,"column":6},"end":{"line":220,"column":9}},"51":{"start":{"line":222,"column":6},"end":{"line":222,"column":25}},"52":{"start":{"line":223,"column":6},"end":{"line":223,"column":34}},"53":{"start":{"line":228,"column":0},"end":{"line":228,"column":33}}},"fnMap":{"0":{"name":"(anonymous_0)","decl":{"start":{"line":5,"column":2},"end":{"line":5,"column":3}},"loc":{"start":{"line":5,"column":42},"end":{"line":35,"column":3}},"line":5},"1":{"name":"(anonymous_1)","decl":{"start":{"line":37,"column":2},"end":{"line":37,"column":3}},"loc":{"start":{"line":37,"column":43},"end":{"line":105,"column":3}},"line":37},"2":{"name":"(anonymous_2)","decl":{"start":{"line":107,"column":2},"end":{"line":107,"column":3}},"loc":{"start":{"line":107,"column":44},"end":{"line":182,"column":3}},"line":107},"3":{"name":"(anonymous_3)","decl":{"start":{"line":184,"column":2},"end":{"line":184,"column":3}},"loc":{"start":{"line":184,"column":44},"end":{"line":225,"column":3}},"line":184}},"branchMap":{"0":{"loc":{"start":{"line":20,"column":6},"end":{"line":30,"column":7}},"type":"if","locations":[{"start":{"line":20,"column":6},"end":{"line":30,"column":7}},{"start":{"line":25,"column":13},"end":{"line":30,"column":7}}],"line":20},"1":{"loc":{"start":{"line":46,"column":6},"end":{"line":51,"column":7}},"type":"if","locations":[{"start":{"line":46,"column":6},"end":{"line":51,"column":7}},{"start":{},"end":{}}],"line":46},"2":{"loc":{"start":{"line":46,"column":10},"end":{"line":46,"column":51}},"type":"binary-expr","locations":[{"start":{"line":46,"column":10},"end":{"line":46,"column":15}},{"start":{"line":46,"column":19},"end":{"line":46,"column":28}},{"start":{"line":46,"column":32},"end":{"line":46,"column":38}},{"start":{"line":46,"column":42},"end":{"line":46,"column":51}}],"line":46},"3":{"loc":{"start":{"line":67,"column":6},"end":{"line":72,"column":7}},"type":"if","locations":[{"start":{"line":67,"column":6},"end":{"line":72,"column":7}},{"start":{},"end":{}}],"line":67},"4":{"loc":{"start":{"line":74,"column":6},"end":{"line":79,"column":7}},"type":"if","locations":[{"start":{"line":74,"column":6},"end":{"line":79,"column":7}},{"start":{},"end":{}}],"line":74},"5":{"loc":{"start":{"line":117,"column":6},"end":{"line":122,"column":7}},"type":"if","locations":[{"start":{"line":117,"column":6},"end":{"line":122,"column":7}},{"start":{},"end":{}}],"line":117},"6":{"loc":{"start":{"line":117,"column":10},"end":{"line":117,"column":58}},"type":"binary-expr","locations":[{"start":{"line":117,"column":10},"end":{"line":117,"column":13}},{"start":{"line":117,"column":17},"end":{"line":117,"column":22}},{"start":{"line":117,"column":26},"end":{"line":117,"column":35}},{"start":{"line":117,"column":39},"end":{"line":117,"column":45}},{"start":{"line":117,"column":49},"end":{"line":117,"column":58}}],"line":117},"7":{"loc":{"start":{"line":132,"column":6},"end":{"line":137,"column":7}},"type":"if","locations":[{"start":{"line":132,"column":6},"end":{"line":137,"column":7}},{"start":{},"end":{}}],"line":132},"8":{"loc":{"start":{"line":153,"column":6},"end":{"line":158,"column":7}},"type":"if","locations":[{"start":{"line":153,"column":6},"end":{"line":158,"column":7}},{"start":{},"end":{}}],"line":153},"9":{"loc":{"start":{"line":153,"column":10},"end":{"line":153,"column":37}},"type":"binary-expr","locations":[{"start":{"line":153,"column":10},"end":{"line":153,"column":20}},{"start":{"line":153,"column":24},"end":{"line":153,"column":37}}],"line":153},"10":{"loc":{"start":{"line":201,"column":6},"end":{"line":206,"column":7}},"type":"if","locations":[{"start":{"line":201,"column":6},"end":{"line":206,"column":7}},{"start":{},"end":{}}],"line":201}},"s":{"0":2,"1":2,"2":1,"3":1,"4":1,"5":0,"6":1,"7":0,"8":0,"9":1,"10":1,"11":1,"12":0,"13":1,"14":1,"15":1,"16":1,"17":0,"18":0,"19":0,"20":0,"21":0,"22":0,"23":0,"24":0,"25":1,"26":1,"27":1,"28":1,"29":0,"30":1,"31":1,"32":1,"33":0,"34":1,"35":1,"36":1,"37":0,"38":1,"39":1,"40":1,"41":0,"42":0,"43":1,"44":1,"45":1,"46":1,"47":1,"48":0,"49":1,"50":1,"51":0,"52":0,"53":2},"f":{"0":1,"1":1,"2":1,"3":1},"b":{"0":[0,1],"1":[0,1],"2":[1,1,1,1],"3":[1,0],"4":[0,0],"5":[0,1],"6":[1,1,1,1,1],"7":[0,1],"8":[0,1],"9":[1,1],"10":[0,1]},"_coverageSchema":"1a1c01bbd47fc00a2c39e90264f33305004495a9","hash":"b5b20aa2ff86652c5f08c631e2668039eff7722f"}
,"D:\\Kampus Merdeka\\Stechoq Software\\BackEnd\\Tugas Latihan\\procurement-inventory2\\controller\\AuthController.js": {"path":"D:\\Kampus Merdeka\\Stechoq Software\\BackEnd\\Tugas Latihan\\procurement-inventory2\\controller\\AuthController.js","statementMap":{"0":{"start":{"line":1,"column":16},"end":{"line":1,"column":34}},"1":{"start":{"line":2,"column":19},"end":{"line":2,"column":35}},"2":{"start":{"line":4,"column":12},"end":{"line":4,"column":35}},"3":{"start":{"line":5,"column":47},"end":{"line":5,"column":64}},"4":{"start":{"line":6,"column":21},"end":{"line":6,"column":45}},"5":{"start":{"line":7,"column":15},"end":{"line":7,"column":39}},"6":{"start":{"line":8,"column":15},"end":{"line":8,"column":34}},"7":{"start":{"line":10,"column":0},"end":{"line":10,"column":31}},"8":{"start":{"line":14,"column":4},"end":{"line":68,"column":5}},"9":{"start":{"line":15,"column":37},"end":{"line":15,"column":45}},"10":{"start":{"line":17,"column":6},"end":{"line":22,"column":7}},"11":{"start":{"line":18,"column":8},"end":{"line":21,"column":11}},"12":{"start":{"line":24,"column":19},"end":{"line":39,"column":8}},"13":{"start":{"line":41,"column":6},"end":{"line":41,"column":24}},"14":{"start":{"line":43,"column":6},"end":{"line":64,"column":7}},"15":{"start":{"line":44,"column":8},"end":{"line":47,"column":11}},"16":{"start":{"line":49,"column":22},"end":{"line":57,"column":9}},"17":{"start":{"line":58,"column":8},"end":{"line":63,"column":11}},"18":{"start":{"line":66,"column":6},"end":{"line":66,"column":25}},"19":{"start":{"line":67,"column":6},"end":{"line":67,"column":41}},"20":{"start":{"line":72,"column":0},"end":{"line":72,"column":32}}},"fnMap":{"0":{"name":"(anonymous_0)","decl":{"start":{"line":13,"column":2},"end":{"line":13,"column":3}},"loc":{"start":{"line":13,"column":37},"end":{"line":69,"column":3}},"line":13}},"branchMap":{"0":{"loc":{"start":{"line":17,"column":6},"end":{"line":22,"column":7}},"type":"if","locations":[{"start":{"line":17,"column":6},"end":{"line":22,"column":7}},{"start":{},"end":{}}],"line":17},"1":{"loc":{"start":{"line":17,"column":10},"end":{"line":17,"column":32}},"type":"binary-expr","locations":[{"start":{"line":17,"column":10},"end":{"line":17,"column":19}},{"start":{"line":17,"column":23},"end":{"line":17,"column":32}}],"line":17},"2":{"loc":{"start":{"line":43,"column":6},"end":{"line":64,"column":7}},"type":"if","locations":[{"start":{"line":43,"column":6},"end":{"line":64,"column":7}},{"start":{"line":48,"column":13},"end":{"line":64,"column":7}}],"line":43},"3":{"loc":{"start":{"line":43,"column":10},"end":{"line":43,"column":56}},"type":"binary-expr","locations":[{"start":{"line":43,"column":10},"end":{"line":43,"column":15}},{"start":{"line":43,"column":19},"end":{"line":43,"column":56}}],"line":43}},"s":{"0":2,"1":2,"2":2,"3":2,"4":2,"5":2,"6":2,"7":2,"8":0,"9":0,"10":0,"11":0,"12":0,"13":0,"14":0,"15":0,"16":0,"17":0,"18":0,"19":0,"20":2},"f":{"0":0},"b":{"0":[0,0],"1":[0,0],"2":[0,0],"3":[0,0]},"_coverageSchema":"1a1c01bbd47fc00a2c39e90264f33305004495a9","hash":"ebfd587073a6bdff6ad9279864bc3e898e461de7"}
,"D:\\Kampus Merdeka\\Stechoq Software\\BackEnd\\Tugas Latihan\\procurement-inventory2\\controller\\ItemsController.js": {"path":"D:\\Kampus Merdeka\\Stechoq Software\\BackEnd\\Tugas Latihan\\procurement-inventory2\\controller\\ItemsController.js","statementMap":{"0":{"start":{"line":1,"column":15},"end":{"line":1,"column":39}},"1":{"start":{"line":2,"column":53},"end":{"line":2,"column":70}},"2":{"start":{"line":6,"column":4},"end":{"line":22,"column":5}},"3":{"start":{"line":7,"column":20},"end":{"line":7,"column":49}},"4":{"start":{"line":8,"column":6},"end":{"line":13,"column":7}},"5":{"start":{"line":9,"column":8},"end":{"line":12,"column":11}},"6":{"start":{"line":15,"column":6},"end":{"line":18,"column":9}},"7":{"start":{"line":20,"column":6},"end":{"line":20,"column":25}},"8":{"start":{"line":21,"column":6},"end":{"line":21,"column":34}},"9":{"start":{"line":26,"column":4},"end":{"line":59,"column":5}},"10":{"start":{"line":27,"column":25},"end":{"line":27,"column":35}},"11":{"start":{"line":28,"column":6},"end":{"line":37,"column":7}},"12":{"start":{"line":33,"column":8},"end":{"line":36,"column":11}},"13":{"start":{"line":39,"column":20},"end":{"line":43,"column":8}},"14":{"start":{"line":45,"column":6},"end":{"line":50,"column":7}},"15":{"start":{"line":46,"column":8},"end":{"line":49,"column":11}},"16":{"start":{"line":52,"column":6},"end":{"line":55,"column":9}},"17":{"start":{"line":57,"column":6},"end":{"line":57,"column":25}},"18":{"start":{"line":58,"column":6},"end":{"line":58,"column":34}},"19":{"start":{"line":63,"column":4},"end":{"line":124,"column":5}},"20":{"start":{"line":64,"column":19},"end":{"line":64,"column":29}},"21":{"start":{"line":65,"column":25},"end":{"line":65,"column":33}},"22":{"start":{"line":66,"column":19},"end":{"line":66,"column":34}},"23":{"start":{"line":67,"column":6},"end":{"line":67,"column":24}},"24":{"start":{"line":69,"column":6},"end":{"line":78,"column":7}},"25":{"start":{"line":74,"column":8},"end":{"line":77,"column":11}},"26":{"start":{"line":80,"column":17},"end":{"line":84,"column":8}},"27":{"start":{"line":86,"column":6},"end":{"line":91,"column":7}},"28":{"start":{"line":87,"column":8},"end":{"line":90,"column":11}},"29":{"start":{"line":93,"column":6},"end":{"line":98,"column":7}},"30":{"start":{"line":94,"column":8},"end":{"line":97,"column":11}},"31":{"start":{"line":100,"column":6},"end":{"line":107,"column":9}},"32":{"start":{"line":109,"column":22},"end":{"line":114,"column":8}},"33":{"start":{"line":115,"column":6},"end":{"line":115,"column":68}},"34":{"start":{"line":117,"column":6},"end":{"line":120,"column":9}},"35":{"start":{"line":122,"column":6},"end":{"line":122,"column":25}},"36":{"start":{"line":123,"column":6},"end":{"line":123,"column":34}},"37":{"start":{"line":128,"column":0},"end":{"line":128,"column":33}}},"fnMap":{"0":{"name":"(anonymous_0)","decl":{"start":{"line":5,"column":2},"end":{"line":5,"column":3}},"loc":{"start":{"line":5,"column":43},"end":{"line":23,"column":3}},"line":5},"1":{"name":"(anonymous_1)","decl":{"start":{"line":25,"column":2},"end":{"line":25,"column":3}},"loc":{"start":{"line":25,"column":45},"end":{"line":60,"column":3}},"line":25},"2":{"name":"(anonymous_2)","decl":{"start":{"line":62,"column":2},"end":{"line":62,"column":3}},"loc":{"start":{"line":62,"column":44},"end":{"line":125,"column":3}},"line":62}},"branchMap":{"0":{"loc":{"start":{"line":8,"column":6},"end":{"line":13,"column":7}},"type":"if","locations":[{"start":{"line":8,"column":6},"end":{"line":13,"column":7}},{"start":{},"end":{}}],"line":8},"1":{"loc":{"start":{"line":28,"column":6},"end":{"line":37,"column":7}},"type":"if","locations":[{"start":{"line":28,"column":6},"end":{"line":37,"column":7}},{"start":{},"end":{}}],"line":28},"2":{"loc":{"start":{"line":29,"column":8},"end":{"line":31,"column":27}},"type":"binary-expr","locations":[{"start":{"line":29,"column":8},"end":{"line":29,"column":30}},{"start":{"line":30,"column":8},"end":{"line":30,"column":28}},{"start":{"line":31,"column":8},"end":{"line":31,"column":27}}],"line":29},"3":{"loc":{"start":{"line":45,"column":6},"end":{"line":50,"column":7}},"type":"if","locations":[{"start":{"line":45,"column":6},"end":{"line":50,"column":7}},{"start":{},"end":{}}],"line":45},"4":{"loc":{"start":{"line":69,"column":6},"end":{"line":78,"column":7}},"type":"if","locations":[{"start":{"line":69,"column":6},"end":{"line":78,"column":7}},{"start":{},"end":{}}],"line":69},"5":{"loc":{"start":{"line":70,"column":8},"end":{"line":72,"column":27}},"type":"binary-expr","locations":[{"start":{"line":70,"column":8},"end":{"line":70,"column":30}},{"start":{"line":71,"column":8},"end":{"line":71,"column":28}},{"start":{"line":72,"column":8},"end":{"line":72,"column":27}}],"line":70},"6":{"loc":{"start":{"line":86,"column":6},"end":{"line":91,"column":7}},"type":"if","locations":[{"start":{"line":86,"column":6},"end":{"line":91,"column":7}},{"start":{},"end":{}}],"line":86},"7":{"loc":{"start":{"line":93,"column":6},"end":{"line":98,"column":7}},"type":"if","locations":[{"start":{"line":93,"column":6},"end":{"line":98,"column":7}},{"start":{},"end":{}}],"line":93}},"s":{"0":2,"1":2,"2":1,"3":1,"4":1,"5":0,"6":1,"7":0,"8":0,"9":0,"10":0,"11":0,"12":0,"13":0,"14":0,"15":0,"16":0,"17":0,"18":0,"19":0,"20":0,"21":0,"22":0,"23":0,"24":0,"25":0,"26":0,"27":0,"28":0,"29":0,"30":0,"31":0,"32":0,"33":0,"34":0,"35":0,"36":0,"37":2},"f":{"0":1,"1":0,"2":0},"b":{"0":[0,1],"1":[0,0],"2":[0,0,0],"3":[0,0],"4":[0,0],"5":[0,0,0],"6":[0,0],"7":[0,0]},"_coverageSchema":"1a1c01bbd47fc00a2c39e90264f33305004495a9","hash":"96950c5d6130511778103552ee33da0cef230f96"}
,"D:\\Kampus Merdeka\\Stechoq Software\\BackEnd\\Tugas Latihan\\procurement-inventory2\\controller\\MemberController.js": {"path":"D:\\Kampus Merdeka\\Stechoq Software\\BackEnd\\Tugas Latihan\\procurement-inventory2\\controller\\MemberController.js","statementMap":{"0":{"start":{"line":1,"column":15},"end":{"line":1,"column":39}},"1":{"start":{"line":5,"column":4},"end":{"line":20,"column":5}},"2":{"start":{"line":7,"column":19},"end":{"line":11,"column":8}},"3":{"start":{"line":13,"column":6},"end":{"line":16,"column":9}},"4":{"start":{"line":18,"column":6},"end":{"line":18,"column":25}},"5":{"start":{"line":19,"column":6},"end":{"line":19,"column":34}},"6":{"start":{"line":24,"column":4},"end":{"line":58,"column":5}},"7":{"start":{"line":25,"column":20},"end":{"line":42,"column":8}},"8":{"start":{"line":44,"column":6},"end":{"line":54,"column":7}},"9":{"start":{"line":45,"column":8},"end":{"line":48,"column":11}},"10":{"start":{"line":50,"column":8},"end":{"line":53,"column":11}},"11":{"start":{"line":56,"column":6},"end":{"line":56,"column":25}},"12":{"start":{"line":57,"column":6},"end":{"line":57,"column":34}},"13":{"start":{"line":62,"column":4},"end":{"line":101,"column":5}},"14":{"start":{"line":74,"column":19},"end":{"line":78,"column":8}},"15":{"start":{"line":80,"column":6},"end":{"line":85,"column":7}},"16":{"start":{"line":81,"column":8},"end":{"line":84,"column":11}},"17":{"start":{"line":94,"column":6},"end":{"line":97,"column":9}},"18":{"start":{"line":99,"column":6},"end":{"line":99,"column":25}},"19":{"start":{"line":100,"column":6},"end":{"line":100,"column":34}},"20":{"start":{"line":105,"column":4},"end":{"line":141,"column":5}},"21":{"start":{"line":107,"column":21},"end":{"line":107,"column":32}},"22":{"start":{"line":109,"column":6},"end":{"line":118,"column":7}},"23":{"start":{"line":114,"column":8},"end":{"line":117,"column":11}},"24":{"start":{"line":120,"column":20},"end":{"line":125,"column":8}},"25":{"start":{"line":127,"column":6},"end":{"line":132,"column":7}},"26":{"start":{"line":128,"column":8},"end":{"line":131,"column":11}},"27":{"start":{"line":134,"column":6},"end":{"line":137,"column":9}},"28":{"start":{"line":139,"column":6},"end":{"line":139,"column":25}},"29":{"start":{"line":140,"column":6},"end":{"line":140,"column":34}},"30":{"start":{"line":145,"column":4},"end":{"line":189,"column":5}},"31":{"start":{"line":147,"column":8},"end":{"line":147,"column":16}},"32":{"start":{"line":149,"column":6},"end":{"line":162,"column":7}},"33":{"start":{"line":158,"column":8},"end":{"line":161,"column":11}},"34":{"start":{"line":164,"column":26},"end":{"line":164,"column":43}},"35":{"start":{"line":165,"column":20},"end":{"line":165,"column":36}},"36":{"start":{"line":167,"column":19},"end":{"line":179,"column":8}},"37":{"start":{"line":181,"column":6},"end":{"line":185,"column":9}},"38":{"start":{"line":187,"column":6},"end":{"line":187,"column":25}},"39":{"start":{"line":188,"column":6},"end":{"line":188,"column":34}},"40":{"start":{"line":192,"column":0},"end":{"line":192,"column":34}}},"fnMap":{"0":{"name":"(anonymous_0)","decl":{"start":{"line":4,"column":2},"end":{"line":4,"column":3}},"loc":{"start":{"line":4,"column":42},"end":{"line":21,"column":3}},"line":4},"1":{"name":"(anonymous_1)","decl":{"start":{"line":23,"column":2},"end":{"line":23,"column":3}},"loc":{"start":{"line":23,"column":40},"end":{"line":59,"column":3}},"line":23},"2":{"name":"(anonymous_2)","decl":{"start":{"line":61,"column":2},"end":{"line":61,"column":3}},"loc":{"start":{"line":61,"column":41},"end":{"line":102,"column":3}},"line":61},"3":{"name":"(anonymous_3)","decl":{"start":{"line":104,"column":2},"end":{"line":104,"column":3}},"loc":{"start":{"line":104,"column":45},"end":{"line":142,"column":3}},"line":104},"4":{"name":"(anonymous_4)","decl":{"start":{"line":144,"column":2},"end":{"line":144,"column":3}},"loc":{"start":{"line":144,"column":41},"end":{"line":190,"column":3}},"line":144}},"branchMap":{"0":{"loc":{"start":{"line":44,"column":6},"end":{"line":54,"column":7}},"type":"if","locations":[{"start":{"line":44,"column":6},"end":{"line":54,"column":7}},{"start":{"line":49,"column":13},"end":{"line":54,"column":7}}],"line":44},"1":{"loc":{"start":{"line":80,"column":6},"end":{"line":85,"column":7}},"type":"if","locations":[{"start":{"line":80,"column":6},"end":{"line":85,"column":7}},{"start":{},"end":{}}],"line":80},"2":{"loc":{"start":{"line":109,"column":6},"end":{"line":118,"column":7}},"type":"if","locations":[{"start":{"line":109,"column":6},"end":{"line":118,"column":7}},{"start":{},"end":{}}],"line":109},"3":{"loc":{"start":{"line":110,"column":8},"end":{"line":112,"column":27}},"type":"binary-expr","locations":[{"start":{"line":110,"column":8},"end":{"line":110,"column":30}},{"start":{"line":111,"column":8},"end":{"line":111,"column":28}},{"start":{"line":112,"column":8},"end":{"line":112,"column":27}}],"line":110},"4":{"loc":{"start":{"line":127,"column":6},"end":{"line":132,"column":7}},"type":"if","locations":[{"start":{"line":127,"column":6},"end":{"line":132,"column":7}},{"start":{},"end":{}}],"line":127},"5":{"loc":{"start":{"line":149,"column":6},"end":{"line":162,"column":7}},"type":"if","locations":[{"start":{"line":149,"column":6},"end":{"line":162,"column":7}},{"start":{},"end":{}}],"line":149},"6":{"loc":{"start":{"line":150,"column":8},"end":{"line":156,"column":16}},"type":"binary-expr","locations":[{"start":{"line":150,"column":8},"end":{"line":150,"column":13}},{"start":{"line":151,"column":8},"end":{"line":151,"column":20}},{"start":{"line":152,"column":8},"end":{"line":152,"column":20}},{"start":{"line":153,"column":8},"end":{"line":153,"column":12}},{"start":{"line":154,"column":8},"end":{"line":154,"column":17}},{"start":{"line":155,"column":8},"end":{"line":155,"column":14}},{"start":{"line":156,"column":8},"end":{"line":156,"column":16}}],"line":150}},"s":{"0":2,"1":1,"2":1,"3":1,"4":0,"5":0,"6":1,"7":1,"8":1,"9":0,"10":1,"11":0,"12":0,"13":2,"14":2,"15":2,"16":0,"17":2,"18":0,"19":0,"20":0,"21":0,"22":0,"23":0,"24":0,"25":0,"26":0,"27":0,"28":0,"29":0,"30":1,"31":1,"32":1,"33":0,"34":1,"35":1,"36":1,"37":1,"38":0,"39":0,"40":2},"f":{"0":1,"1":1,"2":2,"3":0,"4":1},"b":{"0":[0,1],"1":[0,2],"2":[0,0],"3":[0,0,0],"4":[0,0],"5":[0,1],"6":[1,1,1,1,1,1,1]},"_coverageSchema":"1a1c01bbd47fc00a2c39e90264f33305004495a9","hash":"6c0a9bbed2cea3f03399d929135f5f9c001eda4c"}
,"D:\\Kampus Merdeka\\Stechoq Software\\BackEnd\\Tugas Latihan\\procurement-inventory2\\routes\\admin.js": {"path":"D:\\Kampus Merdeka\\Stechoq Software\\BackEnd\\Tugas Latihan\\procurement-inventory2\\routes\\admin.js","statementMap":{"0":{"start":{"line":1,"column":14},"end":{"line":1,"column":32}},"1":{"start":{"line":2,"column":12},"end":{"line":2,"column":28}},"2":{"start":{"line":5,"column":24},"end":{"line":5,"column":64}},"3":{"start":{"line":6,"column":24},"end":{"line":6,"column":64}},"4":{"start":{"line":9,"column":0},"end":{"line":9,"column":48}},"5":{"start":{"line":10,"column":0},"end":{"line":10,"column":50}},"6":{"start":{"line":11,"column":0},"end":{"line":11,"column":55}},"7":{"start":{"line":12,"column":0},"end":{"line":12,"column":58}},"8":{"start":{"line":15,"column":0},"end":{"line":15,"column":55}},"9":{"start":{"line":16,"column":0},"end":{"line":16,"column":65}},"10":{"start":{"line":17,"column":0},"end":{"line":17,"column":62}},"11":{"start":{"line":19,"column":0},"end":{"line":19,"column":23}}},"fnMap":{},"branchMap":{},"s":{"0":2,"1":2,"2":2,"3":2,"4":2,"5":2,"6":2,"7":2,"8":2,"9":2,"10":2,"11":2},"f":{},"b":{},"_coverageSchema":"1a1c01bbd47fc00a2c39e90264f33305004495a9","hash":"a614373f22d5a48bfccf3187004aaddf6b0f97d2"}
,"D:\\Kampus Merdeka\\Stechoq Software\\BackEnd\\Tugas Latihan\\procurement-inventory2\\routes\\auth.js": {"path":"D:\\Kampus Merdeka\\Stechoq Software\\BackEnd\\Tugas Latihan\\procurement-inventory2\\routes\\auth.js","statementMap":{"0":{"start":{"line":1,"column":14},"end":{"line":1,"column":32}},"1":{"start":{"line":2,"column":13},"end":{"line":2,"column":29}},"2":{"start":{"line":5,"column":23},"end":{"line":5,"column":62}},"3":{"start":{"line":7,"column":0},"end":{"line":7,"column":39}},"4":{"start":{"line":9,"column":0},"end":{"line":9,"column":24}}},"fnMap":{},"branchMap":{},"s":{"0":2,"1":2,"2":2,"3":2,"4":2},"f":{},"b":{},"_coverageSchema":"1a1c01bbd47fc00a2c39e90264f33305004495a9","hash":"40bdcfb7494f9806223a2b2e6e680d612ce8aeec"}
,"D:\\Kampus Merdeka\\Stechoq Software\\BackEnd\\Tugas Latihan\\procurement-inventory2\\routes\\member.js": {"path":"D:\\Kampus Merdeka\\Stechoq Software\\BackEnd\\Tugas Latihan\\procurement-inventory2\\routes\\member.js","statementMap":{"0":{"start":{"line":1,"column":14},"end":{"line":1,"column":32}},"1":{"start":{"line":2,"column":13},"end":{"line":2,"column":29}},"2":{"start":{"line":5,"column":25},"end":{"line":5,"column":66}},"3":{"start":{"line":7,"column":0},"end":{"line":7,"column":59}},"4":{"start":{"line":8,"column":0},"end":{"line":8,"column":55}},"5":{"start":{"line":9,"column":0},"end":{"line":9,"column":60}},"6":{"start":{"line":10,"column":0},"end":{"line":10,"column":72}},"7":{"start":{"line":11,"column":0},"end":{"line":11,"column":57}},"8":{"start":{"line":13,"column":0},"end":{"line":13,"column":24}}},"fnMap":{},"branchMap":{},"s":{"0":2,"1":2,"2":2,"3":2,"4":2,"5":2,"6":2,"7":2,"8":2},"f":{},"b":{},"_coverageSchema":"1a1c01bbd47fc00a2c39e90264f33305004495a9","hash":"47b3946327af739f546c7ca249073bec68b58a28"}
}
