TN:
SF:app.js
FNF:0
FNH:0
DA:1,2
DA:2,2
DA:3,2
DA:4,2
DA:5,2
DA:6,2
DA:7,2
DA:11,2
DA:12,2
DA:13,2
DA:15,2
DA:17,2
DA:18,2
DA:19,2
DA:20,2
DA:21,2
DA:22,2
DA:23,2
DA:49,2
DA:50,2
DA:51,2
DA:53,2
LF:22
LH:22
BRF:0
BRH:0
end_of_record
TN:
SF:bin\prisma.js
FNF:0
FNH:0
DA:1,2
DA:2,2
DA:4,2
LF:3
LH:3
BRF:0
BRH:0
end_of_record
TN:
SF:controller\AdminController.js
FN:5,(anonymous_0)
FN:37,(anonymous_1)
FN:107,(anonymous_2)
FN:184,(anonymous_3)
FNF:4
FNH:4
FNDA:1,(anonymous_0)
FNDA:1,(anonymous_1)
FNDA:1,(anonymous_2)
FNDA:1,(anonymous_3)
DA:1,2
DA:2,2
DA:6,1
DA:13,1
DA:20,1
DA:21,0
DA:26,1
DA:32,0
DA:33,0
DA:38,1
DA:45,1
DA:46,1
DA:47,0
DA:53,1
DA:60,1
DA:67,1
DA:68,1
DA:74,0
DA:75,0
DA:81,0
DA:83,0
DA:91,0
DA:93,0
DA:102,0
DA:103,0
DA:108,1
DA:115,1
DA:116,1
DA:117,1
DA:118,0
DA:124,1
DA:126,1
DA:132,1
DA:133,0
DA:139,1
DA:146,1
DA:153,1
DA:154,0
DA:160,1
DA:161,1
DA:173,1
DA:179,0
DA:180,0
DA:185,1
DA:192,1
DA:193,1
DA:195,1
DA:201,1
DA:202,0
DA:208,1
DA:217,1
DA:222,0
DA:223,0
DA:228,2
LF:54
LH:34
BRDA:20,0,0,0
BRDA:20,0,1,1
BRDA:46,1,0,0
BRDA:46,1,1,1
BRDA:46,2,0,1
BRDA:46,2,1,1
BRDA:46,2,2,1
BRDA:46,2,3,1
BRDA:67,3,0,1
BRDA:67,3,1,0
BRDA:74,4,0,0
BRDA:74,4,1,0
BRDA:117,5,0,0
BRDA:117,5,1,1
BRDA:117,6,0,1
BRDA:117,6,1,1
BRDA:117,6,2,1
BRDA:117,6,3,1
BRDA:117,6,4,1
BRDA:132,7,0,0
BRDA:132,7,1,1
BRDA:153,8,0,0
BRDA:153,8,1,1
BRDA:153,9,0,1
BRDA:153,9,1,1
BRDA:201,10,0,0
BRDA:201,10,1,1
BRF:27
BRH:18
end_of_record
TN:
SF:controller\AuthController.js
FN:13,(anonymous_0)
FNF:1
FNH:0
FNDA:0,(anonymous_0)
DA:1,2
DA:2,2
DA:4,2
DA:5,2
DA:6,2
DA:7,2
DA:8,2
DA:10,2
DA:14,0
DA:15,0
DA:17,0
DA:18,0
DA:24,0
DA:41,0
DA:43,0
DA:44,0
DA:49,0
DA:58,0
DA:66,0
DA:67,0
DA:72,2
LF:21
LH:9
BRDA:17,0,0,0
BRDA:17,0,1,0
BRDA:17,1,0,0
BRDA:17,1,1,0
BRDA:43,2,0,0
BRDA:43,2,1,0
BRDA:43,3,0,0
BRDA:43,3,1,0
BRF:8
BRH:0
end_of_record
TN:
SF:controller\ItemsController.js
FN:5,(anonymous_0)
FN:25,(anonymous_1)
FN:62,(anonymous_2)
FNF:3
FNH:1
FNDA:1,(anonymous_0)
FNDA:0,(anonymous_1)
FNDA:0,(anonymous_2)
DA:1,2
DA:2,2
DA:6,1
DA:7,1
DA:8,1
DA:9,0
DA:15,1
DA:20,0
DA:21,0
DA:26,0
DA:27,0
DA:28,0
DA:33,0
DA:39,0
DA:45,0
DA:46,0
DA:52,0
DA:57,0
DA:58,0
DA:63,0
DA:64,0
DA:65,0
DA:66,0
DA:67,0
DA:69,0
DA:74,0
DA:80,0
DA:86,0
DA:87,0
DA:93,0
DA:94,0
DA:100,0
DA:109,0
DA:115,0
DA:117,0
DA:122,0
DA:123,0
DA:128,2
LF:38
LH:7
BRDA:8,0,0,0
BRDA:8,0,1,1
BRDA:28,1,0,0
BRDA:28,1,1,0
BRDA:29,2,0,0
BRDA:29,2,1,0
BRDA:29,2,2,0
BRDA:45,3,0,0
BRDA:45,3,1,0
BRDA:69,4,0,0
BRDA:69,4,1,0
BRDA:70,5,0,0
BRDA:70,5,1,0
BRDA:70,5,2,0
BRDA:86,6,0,0
BRDA:86,6,1,0
BRDA:93,7,0,0
BRDA:93,7,1,0
BRF:18
BRH:1
end_of_record
TN:
SF:controller\MemberController.js
FN:4,(anonymous_0)
FN:23,(anonymous_1)
FN:61,(anonymous_2)
FN:104,(anonymous_3)
FN:144,(anonymous_4)
FNF:5
FNH:4
FNDA:1,(anonymous_0)
FNDA:1,(anonymous_1)
FNDA:2,(anonymous_2)
FNDA:0,(anonymous_3)
FNDA:1,(anonymous_4)
DA:1,2
DA:5,1
DA:7,1
DA:13,1
DA:18,0
DA:19,0
DA:24,1
DA:25,1
DA:44,1
DA:45,0
DA:50,1
DA:56,0
DA:57,0
DA:62,2
DA:74,2
DA:80,2
DA:81,0
DA:94,2
DA:99,0
DA:100,0
DA:105,0
DA:107,0
DA:109,0
DA:114,0
DA:120,0
DA:127,0
DA:128,0
DA:134,0
DA:139,0
DA:140,0
DA:145,1
DA:147,1
DA:149,1
DA:158,0
DA:164,1
DA:165,1
DA:167,1
DA:181,1
DA:187,0
DA:188,0
DA:192,2
LF:41
LH:20
BRDA:44,0,0,0
BRDA:44,0,1,1
BRDA:80,1,0,0
BRDA:80,1,1,2
BRDA:109,2,0,0
BRDA:109,2,1,0
BRDA:110,3,0,0
BRDA:110,3,1,0
BRDA:110,3,2,0
BRDA:127,4,0,0
BRDA:127,4,1,0
BRDA:149,5,0,0
BRDA:149,5,1,1
BRDA:150,6,0,1
BRDA:150,6,1,1
BRDA:150,6,2,1
BRDA:150,6,3,1
BRDA:150,6,4,1
BRDA:150,6,5,1
BRDA:150,6,6,1
BRF:20
BRH:10
end_of_record
TN:
SF:routes\admin.js
FNF:0
FNH:0
DA:1,2
DA:2,2
DA:5,2
DA:6,2
DA:9,2
DA:10,2
DA:11,2
DA:12,2
DA:15,2
DA:16,2
DA:17,2
DA:19,2
LF:12
LH:12
BRF:0
BRH:0
end_of_record
TN:
SF:routes\auth.js
FNF:0
FNH:0
DA:1,2
DA:2,2
DA:5,2
DA:7,2
DA:9,2
LF:5
LH:5
BRF:0
BRH:0
end_of_record
TN:
SF:routes\member.js
FNF:0
FNH:0
DA:1,2
DA:2,2
DA:5,2
DA:7,2
DA:8,2
DA:9,2
DA:10,2
DA:11,2
DA:13,2
LF:9
LH:9
BRF:0
BRH:0
end_of_record
